modules/react-native-samsung-health/android/build/intermediates/manifest_merge_blame_file/debug/processDebugManifest/manifest-merger-blame-debug-report.txt
1<?xml version="1.0" encoding="utf-8"?>
2<manifest xmlns:android="http://schemas.android.com/apk/res/android"
3    package="com.samsunghealth" >
4
5    <uses-sdk android:minSdkVersion="26" />
6    <!-- Samsung Health SDK permissions -->
7    <uses-permission android:name="com.samsung.android.providers.health.permission.READ" />
7-->src\main\AndroidManifest.xml:3:5-92
7-->src\main\AndroidManifest.xml:3:22-89
8    <uses-permission android:name="com.samsung.android.providers.health.permission.WRITE" />
8-->src\main\AndroidManifest.xml:4:5-93
8-->src\main\AndroidManifest.xml:4:22-90
9    <uses-permission android:name="android.permission.BODY_SENSORS" />
9-->src\main\AndroidManifest.xml:5:5-71
9-->src\main\AndroidManifest.xml:5:22-68
10    <uses-permission android:name="android.permission.BODY_SENSORS_BACKGROUND" />
10-->src\main\AndroidManifest.xml:6:5-82
10-->src\main\AndroidManifest.xml:6:22-79
11
12    <!-- Samsung Health service queries -->
13    <queries>
13-->src\main\AndroidManifest.xml:9:5-14:15
14        <package android:name="com.sec.android.app.shealth" />
14-->src\main\AndroidManifest.xml:10:9-63
14-->src\main\AndroidManifest.xml:10:18-60
15
16        <intent>
16-->src\main\AndroidManifest.xml:11:9-13:18
17            <action android:name="com.samsung.android.service.health.tracking.action.TRACKING_SERVICE" />
17-->src\main\AndroidManifest.xml:12:13-106
17-->src\main\AndroidManifest.xml:12:21-103
18        </intent>
19    </queries>
20
21</manifest>